<?xml version="1.0" encoding="UTF-8"?>
<!-- Generated by org.testng.reporters.JUnitReportReporter -->
<testsuite hostname="DESKTOP-8CNA17E" failures="0" tests="3" name="testPackage.Tests.StandaloneTest_1" time="18.914" errors="0" timestamp="02 Jan 2023 15:57:43 GMT" skipped="0">
  <testcase classname="testPackage.Tests.StandaloneTest_1" name="testMethod" time="13.821"/>
  <testcase classname="testPackage.Tests.StandaloneTest_1" name="testMethod2" time="2.178"/>
  <testcase classname="testPackage.Tests.StandaloneTest_1" name="testMethod3" time="2.915"/>
</testsuite> <!-- testPackage.Tests.StandaloneTest_1 -->
