<?xml version="1.0" encoding="UTF-8"?>
<!-- Generated by org.testng.reporters.JUnitReportReporter -->
<testsuite hostname="DESKTOP-8CNA17E" failures="0" tests="1" name="testPackage.Tests.StandaloneTest_3" time="28.373" errors="0" timestamp="16 Nov 2022 08:21:33 GMT" skipped="0">
  <testcase classname="testPackage.Tests.StandaloneTest_3" name="testMethod" time="28.373"/>
</testsuite> <!-- testPackage.Tests.StandaloneTest_3 -->
