<?xml version="1.0" encoding="UTF-8"?>
<!-- Generated by org.testng.reporters.JUnitReportReporter -->
<testsuite hostname="DESKTOP-8CNA17E" failures="0" tests="1" name="testPackage.StandaloneTest_1" time="36.718" errors="0" timestamp="30 Oct 2022 16:10:57 GMT" skipped="0">
  <testcase classname="testPackage.StandaloneTest_1" name="testMethod" time="36.718"/>
</testsuite> <!-- testPackage.StandaloneTest_1 -->
