<?xml version="1.0" encoding="UTF-8"?>
<!-- Generated by org.testng.reporters.JUnitReportReporter -->
<testsuite hostname="DESKTOP-8CNA17E" failures="0" tests="1" name="testPackage.Tests.StandaloneTest_3" time="9.265" errors="0" timestamp="02 Jan 2023 15:57:43 GMT" skipped="0">
  <testcase classname="testPackage.Tests.StandaloneTest_3" name="testMethod" time="9.265"/>
</testsuite> <!-- testPackage.Tests.StandaloneTest_3 -->
